<?xml version="1.0" encoding="UTF-8" ?>
<testsuite tests="1" failures="0" name="org.yanyueshuang_domain.AppTest" time="0.002" errors="0" skipped="0">
  <properties>
    <property name="java.runtime.name" value="Java(TM) SE Runtime Environment"/>
    <property name="java.vm.version" value="9.0.4+11"/>
    <property name="sun.boot.library.path" value="D:\software\jdk.1.9\bin"/>
    <property name="maven.multiModuleProjectDirectory" value="D:\sourcecode\eclipse\yanyueshuang_hutool"/>
    <property name="java.vm.vendor" value="Oracle Corporation"/>
    <property name="java.vendor.url" value="http://java.oracle.com/"/>
    <property name="guice.disable.misplaced.annotation.check" value="true"/>
    <property name="path.separator" value=";"/>
    <property name="java.vm.name" value="Java HotSpot(TM) 64-Bit Server VM"/>
    <property name="file.encoding.pkg" value="sun.io"/>
    <property name="sun.os.patch.level" value=""/>
    <property name="user.script" value=""/>
    <property name="user.country" value="CN"/>
    <property name="sun.java.launcher" value="SUN_STANDARD"/>
    <property name="java.vm.specification.name" value="Java Virtual Machine Specification"/>
    <property name="user.dir" value="D:\sourcecode\eclipse\yanyueshuang_hutool"/>
    <property name="java.vm.compressedOopsMode" value="Zero based"/>
    <property name="java.runtime.version" value="9.0.4+11"/>
    <property name="java.awt.graphicsenv" value="sun.awt.Win32GraphicsEnvironment"/>
    <property name="os.arch" value="amd64"/>
    <property name="java.io.tmpdir" value="C:\Users\11137\AppData\Local\Temp\"/>
    <property name="line.separator" value="
"/>
    <property name="java.vm.specification.vendor" value="Oracle Corporation"/>
    <property name="user.variant" value=""/>
    <property name="os.name" value="Windows 10"/>
    <property name="classworlds.conf" value="D:\sourcecode\eclipse\.metadata\.plugins\org.eclipse.m2e.launching\launches\m2conf7829012977225157391.tmp"/>
    <property name="sun.jnu.encoding" value="GBK"/>
    <property name="java.library.path" value="D:\software\jdk.1.9\bin;C:\WINDOWS\Sun\Java\bin;C:\WINDOWS\system32;C:\WINDOWS;D:/software/jdk1.8/bin/../jre/bin/server;D:/software/jdk1.8/bin/../jre/bin;D:/software/jdk1.8/bin/../jre/lib/amd64;F:\oracle\product\10.2.0\db_1\bin;D:\software\jdk1.8\bin;D:\software\jdk1.8\jre\bin;C:\ProgramData\Oracle\Java\javapath;C:\Program Files (x86)\NVIDIA Corporation\PhysX\Common;C:\Program Files (x86)\Intel\iCLS Client\;C:\Program Files\Intel\Intel(R) Management Engine Components\iCLS\;C:\WINDOWS\system32;C:\WINDOWS;C:\WINDOWS\System32\Wbem;C:\WINDOWS\System32\WindowsPowerShell\v1.0\;C:\WINDOWS\System32\OpenSSH\;C:\Program Files (x86)\Intel\Intel(R) Management ED:\JAVA_HOME\bin;ngine Components\IPT;C:\Program Files (x86)\MySQL\MySQL Utilities 1.6\;E:\Program Files\MySQL\MySQL Server 5.7\bin;D:\software\apache-maven-3.6.1\bin;%CATALINA_HOME%\bin;%CATALINA_HOME%\lib;D:\software\scrt_sfx81_x64\;%CATALINA_HOME2%\bin;%CATALINA_HOME2%\lib;D:\software\svn\VisualSVN Server\bin;D:\software\svn\TortoiseSVN\bin;D:\Program Files\nodejs\;D:\software\Git\cmd;C:\Program Files\TortoiseGit\bin;C:\Users\11137\AppData\Local\Programs\Python\Python37\Scripts\;C:\Users\11137\AppData\Local\Programs\Python\Python37\;C:\Users\11137\AppData\Local\Microsoft\WindowsApps;C:\Users\11137\AppData\Local\GitHubDesktop\bin;C:\Users\11137\AppData\Roaming\npm;D:\software\Microsoft VS Code\bin;D:\software\eclipse-2019\eclipse;;."/>
    <property name="jdk.debug" value="release"/>
    <property name="java.class.version" value="53.0"/>
    <property name="java.specification.name" value="Java Platform API Specification"/>
    <property name="sun.management.compiler" value="HotSpot 64-Bit Tiered Compilers"/>
    <property name="os.version" value="10.0"/>
    <property name="user.home" value="C:\Users\11137"/>
    <property name="user.timezone" value="Asia/Shanghai"/>
    <property name="java.awt.printerjob" value="sun.awt.windows.WPrinterJob"/>
    <property name="file.encoding" value="UTF-8"/>
    <property name="java.specification.version" value="9"/>
    <property name="user.name" value="11137"/>
    <property name="java.class.path" value="D:\software\eclipse-2019\eclipse\plugins\org.eclipse.m2e.maven.runtime_1.13.0.20190716-1623\jars\plexus-classworlds-2.6.0.jar"/>
    <property name="java.vm.specification.version" value="9"/>
    <property name="sun.arch.data.model" value="64"/>
    <property name="sun.java.command" value="org.codehaus.plexus.classworlds.launcher.Launcher -B -gs D:\software\apache-maven-3.5.2\conf\settings.xml install"/>
    <property name="java.home" value="D:\software\jdk.1.9"/>
    <property name="user.language" value="zh"/>
    <property name="java.specification.vendor" value="Oracle Corporation"/>
    <property name="awt.toolkit" value="sun.awt.windows.WToolkit"/>
    <property name="java.vm.info" value="mixed mode"/>
    <property name="java.version" value="9.0.4"/>
    <property name="java.vendor" value="Oracle Corporation"/>
    <property name="maven.home" value="D:\sourcecode\eclipse\yanyueshuang_hutool\EMBEDDED"/>
    <property name="file.separator" value="\"/>
    <property name="java.vendor.url.bug" value="http://bugreport.java.com/bugreport/"/>
    <property name="sun.io.unicode.encoding" value="UnicodeLittle"/>
    <property name="sun.cpu.endian" value="little"/>
    <property name="sun.desktop" value="windows"/>
    <property name="sun.cpu.isalist" value="amd64"/>
  </properties>
  <testcase classname="org.yanyueshuang_domain.AppTest" name="testApp" time="0.002"/>
</testsuite>